<?xml version="1.0" encoding="UTF-8"?>
<testng-results ignored="0" total="2" passed="2" failed="0" skipped="0">
  <reporter-output>
  </reporter-output>
  <suite started-at="2024-05-30T22:54:11 IST" name="Default suite" finished-at="2024-05-30T22:55:48 IST" duration-ms="96856">
    <groups>
    </groups>
    <test started-at="2024-05-30T22:54:11 IST" name="Default test" finished-at="2024-05-30T22:55:48 IST" duration-ms="96856">
      <class name="Topics.TestNG_Script">
        <test-method is-config="true" signature="Initilization()[pri:0, instance:Topics.TestNG_Script@4d5d943d]" started-at="2024-05-30T22:54:11 IST" name="Initilization" finished-at="2024-05-30T22:54:35 IST" duration-ms="24121" status="PASS">
          <reporter-output>
          </reporter-output>
        </test-method> <!-- Initilization -->
        <test-method signature="execute()[pri:0, instance:Topics.TestNG_Script@4d5d943d]" started-at="2024-05-30T22:54:35 IST" name="execute" finished-at="2024-05-30T22:54:47 IST" duration-ms="12444" status="PASS">
          <reporter-output>
          </reporter-output>
        </test-method> <!-- execute -->
        <test-method is-config="true" signature="closeAll()[pri:0, instance:Topics.TestNG_Script@4d5d943d]" started-at="2024-05-30T22:54:47 IST" name="closeAll" finished-at="2024-05-30T22:54:49 IST" duration-ms="1471" status="PASS">
          <reporter-output>
          </reporter-output>
        </test-method> <!-- closeAll -->
        <test-method is-config="true" signature="Initilization()[pri:0, instance:Topics.TestNG_Script@4d5d943d]" started-at="2024-05-30T22:54:49 IST" name="Initilization" finished-at="2024-05-30T22:55:41 IST" duration-ms="52438" status="PASS">
          <reporter-output>
          </reporter-output>
        </test-method> <!-- Initilization -->
        <test-method signature="clickOnLink()[pri:1, instance:Topics.TestNG_Script@4d5d943d]" started-at="2024-05-30T22:55:41 IST" name="clickOnLink" finished-at="2024-05-30T22:55:45 IST" duration-ms="4158" status="PASS">
          <reporter-output>
          </reporter-output>
        </test-method> <!-- clickOnLink -->
        <test-method is-config="true" signature="closeAll()[pri:0, instance:Topics.TestNG_Script@4d5d943d]" started-at="2024-05-30T22:55:45 IST" name="closeAll" finished-at="2024-05-30T22:55:48 IST" duration-ms="2147" status="PASS">
          <reporter-output>
          </reporter-output>
        </test-method> <!-- closeAll -->
      </class> <!-- Topics.TestNG_Script -->
    </test> <!-- Default test -->
  </suite> <!-- Default suite -->
</testng-results>
